(ARCTools Version 2.1.2)
 HexLoc     DecLoc    MachWord   Label        Instruction                Comment
                                              .equ 9A0000h               
                                              .org 2048                  
00000800  0000002048  c2002878                ld [2168], %r1             
00000804  0000002052  c400287c                ld [2172], %r2             
00000808  0000002056                          push %r1                   
00000808  0000002056  9c83bffc                addcc %r14, -4, %r14       
0000080c  0000002060  c2238000                st %r1, %r14               
00000810  0000002064                          push %r2                   
00000810  0000002064  9c83bffc                addcc %r14, -4, %r14       
00000814  0000002068  c4238000                st %r2, %r14               
00000818  0000002072  40000004                call 4                     
0000081c  0000002076                          pop %r7                    
0000081c  0000002076  ce038000                ld %r14, %r7               
00000820  0000002080  9c83a004                addcc %r14, 4, %r14        
00000824  0000002084  ffffffff                halt                       
                                                                         
00000828  0000002088            subrut:       pop %r3                    
00000828  0000002088  c6038000                ld %r14, %r3               
0000082c  0000002092  9c83a004                addcc %r14, 4, %r14        
00000830  0000002096                          pop %r4                    
00000830  0000002096  c8038000                ld %r14, %r4               
00000834  0000002100  9c83a004                addcc %r14, 4, %r14        
00000838  0000002104  8080c004                addcc %r3, %r4, %r0        
0000083c  0000002108  0e800004                bvs 4                      
00000840  0000002112                          push %r0                   
00000840  0000002112  9c83bffc                addcc %r14, -4, %r14       
00000844  0000002116  c0238000                st %r0, %r14               
00000848  0000002120  81c3e004                jmpl %r15, 4, %r0          
                                                                         
0000084c  0000002124  94002001  NO:           add %r0, 1, %r10           
00000850  0000002128  9600200c                add %r0, 12, %r11          
00000854  0000002132  1b002680                sethi 9856, %r13           
00000858  0000002136  9682ffff  loop:         addcc %r11, -1, %r11       
0000085c  0000002140  0c800004                bneg 4                     
00000860  0000002144  c0234000                st %r0, %r13               
00000864  0000002148  9a836004                addcc %r13, 4, %r13        
00000868  0000002152  10bffffc                ba -4                      
0000086c  0000002156            fin:          push %r10                  
0000086c  0000002156  9c83bffc                addcc %r14, -4, %r14       
00000870  0000002160  d4238000                st %r10, %r14              
00000874  0000002164  81c3e004                jmpl %r15, 4, %r0          
                                                                         
00000878  0000002168  fffffff1  x:                                       
0000087c  0000002172  fffffff9  y:                                       

--- Symbol Table ---
x: 2168
subrut: 2088
loop: 2136
dir: 10092544
y: 2172
fin: 2156
NO: 2124
