(ARCTools Version 2.1.2)
 HexLoc     DecLoc    MachWord   Label        Instruction                Comment
                                              .equ 9FAf0000h             
                                              .equ 10000000h             
                                              .org 2048                  
00000800  0000002048  0327ebc0                sethi 2616256, %r1         
00000804  0000002052  c4004000  loop:         ld %r1, %r2                
00000808  0000002056  c6006004                ld %r1, [4], %r3           
0000080c  0000002060  c8006008                ld %r1, [8], %r4           
00000810  0000002064                          push %r15                  
00000810  0000002064  9c03bffc                add %r14, -4, %r14         
00000814  0000002068  de238000                st %r15, %r14              
00000818  0000002072                          push %r2                   
00000818  0000002072  9c03bffc                add %r14, -4, %r14         
0000081c  0000002076  c4238000                st %r2, %r14               
00000820  0000002080                          push %r3                   
00000820  0000002080  9c03bffc                add %r14, -4, %r14         
00000824  0000002084  c6238000                st %r3, %r14               
00000828  0000002088                          push %r4                   
00000828  0000002088  9c03bffc                add %r14, -4, %r14         
0000082c  0000002092  c8238000                st %r4, %r14               
00000830  0000002096  400000ee                call 238                   
00000834  0000002100                          pop %r10                   
00000834  0000002100  d4038000                ld %r14, %r10              
00000838  0000002104  9c03a004                add %r14, 4, %r14          
0000083c  0000002108                          pop %r15                   
0000083c  0000002108  de038000                ld %r14, %r15              
00000840  0000002112  9c03a004                add %r14, 4, %r14          
00000844  0000002116  8082800a                addcc %r10, %r10, %r0      
00000848  0000002120  02bfffef                be -17                     
0000084c  0000002124  ffffffff                halt                       
                                                                         
                                              .org 3048                  
00000be8  0000003048  0b040000  verif:        sethi 262144, %r5          
00000bec  0000003052                          pop %r6                    
00000bec  0000003052  cc038000                ld %r14, %r6               
00000bf0  0000003056  9c03a004                add %r14, 4, %r14          
00000bf4  0000003060                          pop %r7                    
00000bf4  0000003060  ce038000                ld %r14, %r7               
00000bf8  0000003064  9c03a004                add %r14, 4, %r14          
00000bfc  0000003068                          pop %r8                    
00000bfc  0000003068  d0038000                ld %r14, %r8               
00000c00  0000003072  9c03a004                add %r14, 4, %r14          
00000c04  0000003076  80894006                andcc %r5, %r6, %r0        
00000c08  0000003080  02800007                be 7                       
00000c0c  0000003084  80894007                andcc %r5, %r7, %r0        
00000c10  0000003088  02800005                be 5                       
00000c14  0000003092  80894008                andcc %r5, %r8, %r0        
00000c18  0000003096  02800003                be 3                       
00000c1c  0000003100  92000000                add %r0, %r0, %r9          
00000c20  0000003104  10800002                ba 2                       
00000c24  0000003108  92002001  mal:          add %r0, 1, %r9            
00000c28  0000003112            fin:          push %r9                   
00000c28  0000003112  9c03bffc                add %r14, -4, %r14         
00000c2c  0000003116  d2238000                st %r9, %r14               
00000c30  0000003120  81c3e004                jmpl %r15, 4, %r0          

--- Symbol Table ---
mal: 3108
verif: 3048
loop: 2052
dir: -1615921152
bit28: 268435456
fin: 3112
