(ARCTools Version 2.1.2)
 HexLoc     DecLoc    MachWord   Label        Instruction                Comment
                                              .equ B0100000h             
                                              .equ FFFFFFFFh             
                                              .equ 3000                  
                                              .org 2048                  
                                                                         
00000800  0000002048  a4002bb8                add %r0, 3000, %r18        
00000804  0000002052                          push %r18                  
00000804  0000002052  9c83bffc                addcc %r14, -4, %r14       
00000808  0000002056  e4238000                st %r18, %r14              
0000080c  0000002060  40000004                call 4                     
00000810  0000002064                          pop %r19                   
00000810  0000002064  e6038000                ld %r14, %r19              
00000814  0000002068  9c83a004                addcc %r14, 4, %r14        
00000818  0000002072  ffffffff                halt                       
                                                                         
0000081c  0000002076            prom:         pop %r1                    
0000081c  0000002076  c2038000                ld %r14, %r1               
00000820  0000002080  9c83a004                addcc %r14, 4, %r14        
00000824  0000002084  84000000                add %r0, %r0, %r2          
00000828  0000002088  86002008                add %r0, 8, %r3            
0000082c  0000002092  8680ffff  loop:         addcc %r3, -1, %r3         
00000830  0000002096  0c80000e                bneg 14                    
00000834  0000002100  c8004000                ld %r1, %r4                
00000838  0000002104  84808004                addcc %r2, %r4, %r2        
0000083c  0000002108  0e800003                bvs 3                      
                                                                         !bcs fueraDeRango
00000840  0000002112  82806004                addcc %r1, 4, %r1          
00000844  0000002116  10bffffa                ba -6                      
                                                                         
00000848  0000002120            fueraDeRango:  push %r15                  
00000848  0000002120  9c83bffc                addcc %r14, -4, %r14       
0000084c  0000002124  de238000                st %r15, %r14              
00000850  0000002128  4000000a                call 10                    
00000854  0000002132                          pop %r15                   
00000854  0000002132  de038000                ld %r14, %r15              
00000858  0000002136  9c83a004                addcc %r14, 4, %r14        
0000085c  0000002140                          push %r0                   
0000085c  0000002140  9c83bffc                addcc %r14, -4, %r14       
00000860  0000002144  c0238000                st %r0, %r14               
00000864  0000002148  81c3e004                jmpl %r15, 4, %r0          
                                                                         
00000868  0000002152  8538a003  fin:          sra %r2, 3, %r2            
0000086c  0000002156                          push %r2                   
0000086c  0000002156  9c83bffc                addcc %r14, -4, %r14       
00000870  0000002160  c4238000                st %r2, %r14               
00000874  0000002164  81c3e004                jmpl %r15, 4, %r0          
                                                                         
00000878  0000002168  292c0400  fueraDeRango2:  sethi 2884608, %r20        
0000087c  0000002172  a8852000                addcc %r20, -1048576, %r20  
00000880  0000002176  2b3fffff                sethi 4194303, %r21        
00000884  0000002180  aa8563ff                addcc %r21, -1, %r21       
00000888  0000002184  ea250000                st %r21, %r20              
0000088c  0000002188  81c3e004                jmpl %r15, 4, %r0          
                                                                         
                                              .org start                 
00000bb8  0000003000  ffffffff                                           
00000bbc  0000003004  fffffffe                                           
00000bc0  0000003008  fffffffd                                           
00000bc4  0000003012  80000000                                           
00000bc8  0000003016  00000005                                           
00000bcc  0000003020  00000006                                           
00000bd0  0000003024  00000007                                           
00000bd4  0000003028  00000008                                           
                                                                         

--- Symbol Table ---
fueraDeRango: 2120
loop: 2092
prom: 2076
num: -1
dir: -1341128704
fueraDeRango2: 2168
fin: 2152
start: 3000
