(ARCTools Version 2.1.2)
 HexLoc     DecLoc    MachWord   Label        Instruction                Comment
                                              .equ 3                     
                                              .equ 3000                  
                                              .equ 1                     
                                              .equ 0xA0100000            
                                              .org 2048                  
00000800  0000002048  82002003                add %r0, 3, %r1            
00000804  0000002052  84002bb8                add %r0, 3000, %r2         
00000808  0000002056                          push %r1                   ! Largo
00000808  0000002056  9c83bffc                addcc %r14, -4, %r14       
0000080c  0000002060  c2238000                st %r1, %r14               
00000810  0000002064                          push %r2                   ! Donde empieza
00000810  0000002064  9c83bffc                addcc %r14, -4, %r14       
00000814  0000002068  c4238000                st %r2, %r14               
00000818  0000002072  40000004                call 4                     
0000081c  0000002076                          pop %r12                   ! Par o impar
0000081c  0000002076  d8038000                ld %r14, %r12              
00000820  0000002080  9c83a004                addcc %r14, 4, %r14        
00000824  0000002084  ffffffff                halt                       
                                                                         
00000828  0000002088            suma:         pop %r4                    ! Donde empieza
00000828  0000002088  c8038000                ld %r14, %r4               
0000082c  0000002092  9c83a004                addcc %r14, 4, %r14        
00000830  0000002096                          pop %r9                    ! Largo original
00000830  0000002096  d2038000                ld %r14, %r9               
00000834  0000002100  9c83a004                addcc %r14, 4, %r14        
00000838  0000002104  8e800009                addcc %r0, %r9, %r7        ! Largo para cambiar en el primer while
0000083c  0000002108  8c800000                addcc %r0, %r0, %r6        ! Acumulador
00000840  0000002112  8e81ffff  loop1:        addcc %r7, -1, %r7         
00000844  0000002116  0c800009                bneg 9                     
00000848  0000002120  8a800009                addcc %r0, %r9, %r5        ! Largo para cambiar en el segundo while
0000084c  0000002124  8a817fff  loop2:        addcc %r5, -1, %r5         
00000850  0000002128  0cbffffc                bneg -4                    
00000854  0000002132  f4010000                ld %r4, %r26               
00000858  0000002136  8c868006                addcc %r26, %r6, %r6       
0000085c  0000002140  0a800008                bcs 8                      
00000860  0000002144  88812004                addcc %r4, 4, %r4          
00000864  0000002148  10bffffa                ba -6                      
00000868  0000002152  8089a001  done:         andcc %r6, 1, %r0          
0000086c  0000002156  02800008                be 8                       
00000870  0000002160  10800001                ba 1                       
00000874  0000002164  90802001  esImpar:      addcc %r0, 1, %r8          
00000878  0000002168  10800006                ba 6                       
0000087c  0000002172  9a803fff  fueraDeRango:  addcc %r0, -1, %r13        
00000880  0000002176  23280400                sethi 2622464, %r17        
00000884  0000002180  a2846000                addcc %r17, -1048576, %r17  
00000888  0000002184  da244000                st %r13, %r17              
0000088c  0000002188  90800000  esPar:        addcc %r0, %r0, %r8        
00000890  0000002192            enviar:       push %r8                   
00000890  0000002192  9c83bffc                addcc %r14, -4, %r14       
00000894  0000002196  d0238000                st %r8, %r14               
00000898  0000002200  81c3e004                jmpl %r15, 4, %r0          
                                                                         
                                              .org address               
                                                                         
00000bb8  0000003000  00000001                                           
00000bbc  0000003004  00000002                                           
00000bc0  0000003008  00000003                                           
00000bc4  0000003012  00000004                                           
00000bc8  0000003016  00000005                                           
00000bcc  0000003020  00000006                                           
00000bd0  0000003024  00000007                                           
00000bd4  0000003028  00000008                                           
00000bd8  0000003032  00000009                                           

--- Symbol Table ---
length: 3
suma: 2088
done: 2152
loop2: 2124
loop1: 2112
enviar: 2192
LSB: 1
fueraDeRango: 2172
address: 3000
esPar: 2188
posicion: -1609564160
esImpar: 2164
