(ARCTools Version 2.1.2)
 HexLoc     DecLoc    MachWord   Label        Instruction                Comment
                                              .org 2048                  
00000800  0000002048  c200284c                ld [2124], %r1             
00000804  0000002052  c4002850                ld [2128], %r2             
00000808  0000002056                          push %r1                   
00000808  0000002056  9c83bffc                addcc %r14, -4, %r14       
0000080c  0000002060  c2238000                st %r1, %r14               
00000810  0000002064                          push %r2                   
00000810  0000002064  9c83bffc                addcc %r14, -4, %r14       
00000814  0000002068  c4238000                st %r2, %r14               
00000818  0000002072  40000005                call 5                     
0000081c  0000002076                          pop %r3                    
0000081c  0000002076  c6038000                ld %r14, %r3               
00000820  0000002080  9c83a004                addcc %r14, 4, %r14        
00000824  0000002084  c6202854                st %r3, [2132]             
00000828  0000002088  ffffffff                halt                       
                                                                         
0000082c  0000002092            suma:         pop %r4                    
0000082c  0000002092  c8038000                ld %r14, %r4               
00000830  0000002096  9c83a004                addcc %r14, 4, %r14        
00000834  0000002100                          pop %r5                    
00000834  0000002100  ca038000                ld %r14, %r5               
00000838  0000002104  9c83a004                addcc %r14, 4, %r14        
0000083c  0000002108  86810005                addcc %r4, %r5, %r3        
00000840  0000002112                          push %r3                   
00000840  0000002112  9c83bffc                addcc %r14, -4, %r14       
00000844  0000002116  c6238000                st %r3, %r14               
00000848  0000002120  81c3e004                jmpl %r15, 4, %r0          
                                                                         
0000084c  0000002124  00000001  x:                                       
00000850  0000002128  00000002  y:                                       
00000854  0000002132  00000000  z:                                       
                                                                         

--- Symbol Table ---
x: 2124
suma: 2092
z: 2132
y: 2128
