(ARCTools Version 2.1.2)
 HexLoc     DecLoc    MachWord   Label        Instruction                Comment
                                              .equ 0x00FF0000            
                                              .org 2048                  
00000800  0000002048  c2002874                ld [2164], %r1             
00000804  0000002052  c4002878                ld [2168], %r2             
00000808  0000002056                          push %r1                   
00000808  0000002056  9c83bffc                addcc %r14, -4, %r14       
0000080c  0000002060  c2238000                st %r1, %r14               
00000810  0000002064                          push %r2                   
00000810  0000002064  9c83bffc                addcc %r14, -4, %r14       
00000814  0000002068  c4238000                st %r2, %r14               
00000818  0000002072  40000006                call 6                     
0000081c  0000002076                          pop %r2                    
0000081c  0000002076  c4038000                ld %r14, %r2               
00000820  0000002080  9c83a004                addcc %r14, 4, %r14        
00000824  0000002084                          pop %r1                    
00000824  0000002084  c2038000                ld %r14, %r1               
00000828  0000002088  9c83a004                addcc %r14, 4, %r14        
0000082c  0000002092  ffffffff                halt                       
                                                                         
00000830  0000002096            intercambio:  pop %r3                    ! y
00000830  0000002096  c6038000                ld %r14, %r3               
00000834  0000002100  9c83a004                addcc %r14, 4, %r14        
00000838  0000002104                          pop %r4                    ! x
00000838  0000002104  c8038000                ld %r14, %r4               
0000083c  0000002108  9c83a004                addcc %r14, 4, %r14        
00000840  0000002112  15003fc0                sethi 16320, %r10          
00000844  0000002116  9482a000                addcc %r10, -65536, %r10   
00000848  0000002120  8a08c00a                and %r3, %r10, %r5         
0000084c  0000002124  8c09000a                and %r4, %r10, %r6         
00000850  0000002128  8628c00a                andn %r3, %r10, %r3        
00000854  0000002132  8829000a                andn %r4, %r10, %r4        
00000858  0000002136  8680c006                addcc %r3, %r6, %r3        
0000085c  0000002140  88810005                addcc %r4, %r5, %r4        
00000860  0000002144                          push %r4                   ! x cambiado
00000860  0000002144  9c83bffc                addcc %r14, -4, %r14       
00000864  0000002148  c8238000                st %r4, %r14               
00000868  0000002152                          push %r3                   ! y cambiado
00000868  0000002152  9c83bffc                addcc %r14, -4, %r14       
0000086c  0000002156  c6238000                st %r3, %r14               
00000870  0000002160  81c3e004                jmpl %r15, 4, %r0          
                                                                         
00000874  0000002164  11111111  x:                                       
00000878  0000002168  22222222  y:                                       

--- Symbol Table ---
x: 2164
intercambio: 2096
ByteACambiar: 16711680
y: 2168
