(ARCTools Version 2.1.2)
 HexLoc     DecLoc    MachWord   Label        Instruction                Comment
                                              .equ 10                    
                                              .equ 3000                  
                                              .org 2048                  
00000800  0000002048  8200200a                add %r0, 10, %r1           
00000804  0000002052  84002bb8                add %r0, 3000, %r2         
00000808  0000002056                          push %r1                   ! Largo
00000808  0000002056  9c83bffc                addcc %r14, -4, %r14       
0000080c  0000002060  c2238000                st %r1, %r14               
00000810  0000002064                          push %r2                   ! Donde empieza
00000810  0000002064  9c83bffc                addcc %r14, -4, %r14       
00000814  0000002068  c4238000                st %r2, %r14               
00000818  0000002072  40000006                call 6                     
0000081c  0000002076                          pop %r12                   ! Maximo
0000081c  0000002076  d8038000                ld %r14, %r12              
00000820  0000002080  9c83a004                addcc %r14, 4, %r14        
00000824  0000002084                          pop %r11                   ! Minimo
00000824  0000002084  d6038000                ld %r14, %r11              
00000828  0000002088  9c83a004                addcc %r14, 4, %r14        
0000082c  0000002092  ffffffff                halt                       
                                                                         
00000830  0000002096            maxmin:       pop %r4                    ! Donde empieza
00000830  0000002096  c8038000                ld %r14, %r4               
00000834  0000002100  9c83a004                addcc %r14, 4, %r14        
00000838  0000002104                          pop %r5                    ! Largo
00000838  0000002104  ca038000                ld %r14, %r5               
0000083c  0000002108  9c83a004                addcc %r14, 4, %r14        
00000840  0000002112  ea010000                ld %r4, %r21               ! Pongo como minimo el primer elemento
00000844  0000002116  ec010000                ld %r4, %r22               ! Pongo como maximo el primer elemento
00000848  0000002120  8a817fff  loop:         addcc %r5, -1, %r5         
0000084c  0000002124  0c80000c                bneg 12                    
00000850  0000002128  f4010000                ld %r4, %r26               
00000854  0000002132  80a5801a                subcc %r22, %r26, %r0      
00000858  0000002136  0c800002                bneg 2                     
0000085c  0000002140  10800002                ba 2                       
00000860  0000002144  ac868000  cambioMax:    addcc %r26, %r0, %r22      
00000864  0000002148  80a68015  sigo1:        subcc %r26, %r21, %r0      
00000868  0000002152  0c800002                bneg 2                     
0000086c  0000002156  10800002                ba 2                       
00000870  0000002160  aa868000  cambioMin:    addcc %r26, %r0, %r21      
00000874  0000002164  88812004  sigo2:        addcc %r4, 4, %r4          
00000878  0000002168  10bffff4                ba -12                     
                                                                         
0000087c  0000002172            done:         push %r21                  ! Minimo
0000087c  0000002172  9c83bffc                addcc %r14, -4, %r14       
00000880  0000002176  ea238000                st %r21, %r14              
00000884  0000002180                          push %r22                  ! Maximo
00000884  0000002180  9c83bffc                addcc %r14, -4, %r14       
00000888  0000002184  ec238000                st %r22, %r14              
0000088c  0000002188  81c3e004                jmpl %r15, 4, %r0          
                                                                         
                                              .org address               
00000bb8  0000003000  ffffffff                                           
00000bbc  0000003004  00000006                                           
00000bc0  0000003008  fffffff1                                           
00000bc4  0000003012  0000000c                                           
00000bc8  0000003016  0000000e                                           
00000bcc  0000003020  ffffffe2                                           
00000bd0  0000003024  0000000f                                           
00000bd4  0000003028  0000000a                                           
00000bd8  0000003032  ffffffe2                                           
00000bdc  0000003036  00000014                                           

--- Symbol Table ---
maxmin: 2096
length: 10
cambioMax: 2144
sigo2: 2164
sigo1: 2148
done: 2172
loop: 2120
address: 3000
cambioMin: 2160
