(ARCTools Version 2.1.2)
 HexLoc     DecLoc    MachWord   Label        Instruction                Comment
                                              .org 2048                  
00000800  0000002048  c200285c                ld [2140], %r1             
00000804  0000002052                          push %r1                   
00000804  0000002052  9c83bffc                addcc %r14, -4, %r14       
00000808  0000002056  c2238000                st %r1, %r14               
0000080c  0000002060  40000004                call 4                     
00000810  0000002064                          pop %r20                   
00000810  0000002064  e8038000                ld %r14, %r20              
00000814  0000002068  9c83a004                addcc %r14, 4, %r14        
00000818  0000002072  ffffffff                halt                       
                                                                         
0000081c  0000002076            contador:     pop %r2                    
0000081c  0000002076  c4038000                ld %r14, %r2               
00000820  0000002080  9c83a004                addcc %r14, 4, %r14        
00000824  0000002084  86800000                addcc %r0, %r0, %r3        ! Acumulador
00000828  0000002088  c8002860                ld [2144], %r4             ! Decrementador
0000082c  0000002092  8a802001                addcc %r0, 1, %r5          ! Mascara
00000830  0000002096  88813fff  loop:         addcc %r4, -1, %r4         
00000834  0000002100  0c800007                bneg 7                     
00000838  0000002104  80894002                andcc %r5, %r2, %r0        
0000083c  0000002108  12800002                bne 2                      
00000840  0000002112  10800002                ba 2                       
00000844  0000002116  8c81a001  sumo:         addcc %r6, 1, %r6          
00000848  0000002120  8a814005  sigo:         addcc %r5, %r5, %r5        
0000084c  0000002124  10bffff9                ba -7                      
00000850  0000002128            done:         push %r6                   
00000850  0000002128  9c83bffc                addcc %r14, -4, %r14       
00000854  0000002132  cc238000                st %r6, %r14               
00000858  0000002136  81c3e004                jmpl %r15, 4, %r0          
                                                                         
0000085c  0000002140  88888888  x:                                       
00000860  0000002144  00000020  y:                                       

--- Symbol Table ---
x: 2140
sigo: 2120
done: 2128
loop: 2096
contador: 2076
sumo: 2116
y: 2144
