(ARCTools Version 2.1.2)
 HexLoc     DecLoc    MachWord   Label        Instruction                Comment
                                              .org 2048                  
00000800  0000002048  c2002828                ld [2088], %r1             
00000804  0000002052  c400282c                ld [2092], %r2             
00000808  0000002056  c2202848                st %r1, [2120]             
0000080c  0000002060  c420284c                st %r2, [2124]             
00000810  0000002064  0b000848                sethi 2120, %r5            
00000814  0000002068  8b31600a                srl %r5, 10, %r5           
00000818  0000002072  40000007                call 7                     
0000081c  0000002076  c6002850                ld [2128], %r3             
00000820  0000002080  c6202830                st %r3, [2096]             
00000824  0000002084  ffffffff                halt                       
                                                                         
00000828  0000002088  00000001  x:                                       
0000082c  0000002092  00000002  y:                                       
00000830  0000002096  00000000  z:                                       
                                                                         
00000834  0000002100  d0014000  suma:         ld %r5, %r8                
00000838  0000002104  d2016004                ld %r5, [4], %r9           
0000083c  0000002108  94820009                addcc %r8, %r9, %r10       
00000840  0000002112  d4216008                st %r10, %r5, [8]          
00000844  0000002116  81c3e004                jmpl %r15, 4, %r0          
                                                                         
00000848  0000002120            param:        .dwb 3                     

--- Symbol Table ---
suma: 2100
x: 2088
param: 2120
z: 2096
y: 2092
