(ARCTools Version 2.1.2)
 HexLoc     DecLoc    MachWord   Label        Instruction                Comment
                                              .org 2048                  
00000800  0000002048  c2002844                ld [2116], %r1             ! Multiplicando
00000804  0000002052  c4002848                ld [2120], %r2             ! Multiplicador
00000808  0000002056  86802000                addcc %r0, 0, %r3          ! i
0000080c  0000002060  88802001                addcc %r0, 1, %r4          ! Mascara
00000810  0000002064  8a800000                addcc %r0, %r0, %r5        ! Resultado
00000814  0000002068  cc00284c                ld [2124], %r6             ! Decremento
00000818  0000002072  8c81bfff  loop:         addcc %r6, -1, %r6         
0000081c  0000002076  0c800009                bneg 9                     
00000820  0000002080  8f290003                sll %r4, %r3, %r7          
00000824  0000002084  80888007                andcc %r2, %r7, %r0        
00000828  0000002088  12800002                bne 2                      
0000082c  0000002092  10800003                ba 3                       
00000830  0000002096  91284003  sumar:        sll %r1, %r3, %r8          
00000834  0000002100  8a814008                addcc %r5, %r8, %r5        
00000838  0000002104  8680e001  fin:          addcc %r3, 1, %r3          
0000083c  0000002108  10bffff7                ba -9                      
00000840  0000002112  ffffffff  done:         halt                       
                                                                         
00000844  0000002116  fffffffb  x:                                       
00000848  0000002120  00000006  y:                                       
0000084c  0000002124  00000008  i:                                       

--- Symbol Table ---
x: 2116
done: 2112
loop: 2072
i: 2124
sumar: 2096
y: 2120
fin: 2104
