(ARCTools Version 2.1.2)
 HexLoc     DecLoc    MachWord   Label        Instruction                Comment
                                              .org 2048                  
00000800  0000002048  c2002824                ld [2084], %r1             
00000804  0000002052  c4002828                ld [2088], %r2             
00000808  0000002056  80a04002                subcc %r1, %r2, %r0        
0000080c  0000002060  0c800002                bneg 2                     
00000810  0000002064  10800003                ba 3                       
00000814  0000002068  86800001  xMin:         addcc %r0, %r1, %r3        
00000818  0000002072  10800002                ba 2                       
0000081c  0000002076  86800002  yMin:         addcc %r0, %r2, %r3        
00000820  0000002080  ffffffff  fin:          halt                       
00000824  0000002084  00000008  x:                                       
00000828  0000002088  00000005  y:                                       

--- Symbol Table ---
x: 2084
yMin: 2076
xMin: 2068
y: 2088
fin: 2080
